#
# There is insufficient memory for the Java Runtime Environment to continue.
# Native memory allocation (mmap) failed to map 257949696 bytes for G1 virtual space
# Possible reasons:
#   The system is out of physical RAM or swap space
#   The process is running with CompressedOops enabled, and the Java Heap may be blocking the growth of the native heap
# Possible solutions:
#   Reduce memory load on the system
#   Increase physical memory or swap space
#   Check if swap backing store is full
#   Decrease Java heap size (-Xmx/-Xms)
#   Decrease number of Java threads
#   Decrease Java thread stack sizes (-Xss)
#   Set larger code cache with -XX:ReservedCodeCacheSize=
#   JVM is running with Zero Based Compressed Oops mode in which the Java heap is
#     placed in the first 32GB address space. The Java Heap base address is the
#     maximum limit for the native heap growth. Please use -XX:HeapBaseMinAddress
#     to set the Java Heap base and to place the Java Heap above 32GB virtual address.
# This output file may be truncated or incomplete.
#
#  Out of Memory Error (os_windows.cpp:3552), pid=49112, tid=19884
#
# JRE version:  (17.0.9+11) (build )
# Java VM: Java HotSpot(TM) 64-Bit Server VM (17.0.9+11-LTS-201, mixed mode, sharing, tiered, compressed oops, compressed class ptrs, g1 gc, windows-amd64)
# No core dump will be written. Minidumps are not enabled by default on client versions of Windows
#

---------------  S U M M A R Y ------------

Command Line: -Dfile.encoding=UTF-8 --module-path=C:\Users\vikas\OneDrive\Documents\NetBeansProjects\Electricity Billing System\build\classes electricity.billing.system.SignUp

Host: AMD Ryzen 5 5500U with Radeon Graphics         , 12 cores, 15G,  Windows 11 , 64 bit Build 22621 (10.0.22621.2070)
Time: Sat Dec  2 16:23:18 2023 India Standard Time elapsed time: 0.027682 seconds (0d 0h 0m 0s)

---------------  T H R E A D  ---------------

Current thread (0x000002b4f500bd90):  JavaThread "Unknown thread" [_thread_in_vm, id=19884, stack(0x000000fe16a00000,0x000000fe16b00000)]

Stack: [0x000000fe16a00000,0x000000fe16b00000]
Native frames: (J=compiled Java code, j=interpreted, Vv=VM code, C=native code)
V  [jvm.dll+0x678a4a]
V  [jvm.dll+0x7d9cfd]
V  [jvm.dll+0x7db60e]
V  [jvm.dll+0x7dbc73]
V  [jvm.dll+0x245e1f]
V  [jvm.dll+0x6758f9]
V  [jvm.dll+0x66a2a2]
V  [jvm.dll+0x303686]
V  [jvm.dll+0x30ac06]
V  [jvm.dll+0x35a48e]
V  [jvm.dll+0x35a6bf]
V  [jvm.dll+0x2da678]
V  [jvm.dll+0x2db5e4]
V  [jvm.dll+0x7ab6b1]
V  [jvm.dll+0x368041]
V  [jvm.dll+0x78a749]
V  [jvm.dll+0x3ebd4f]
V  [jvm.dll+0x3ed7d1]
C  [jli.dll+0x5297]
C  [ucrtbase.dll+0x29363]
C  [KERNEL32.DLL+0x126ad]
C  [ntdll.dll+0x5aa68]


---------------  P R O C E S S  ---------------

Threads class SMR info:
_java_thread_list=0x00007ff9a58389d8, length=0, elements={
}

Java Threads: ( => current thread )

Other Threads:
  0x000002b4f50741e0 GCTaskThread "GC Thread#0" [stack: 0x000000fe16b00000,0x000000fe16c00000] [id=9268]
  0x000002b4f5086580 ConcurrentGCThread "G1 Main Marker" [stack: 0x000000fe16c00000,0x000000fe16d00000] [id=43776]
  0x000002b4f5086e90 ConcurrentGCThread "G1 Conc#0" [stack: 0x000000fe16d00000,0x000000fe16e00000] [id=2800]

[error occurred during error reporting (printing all threads), id 0xc0000005, EXCEPTION_ACCESS_VIOLATION (0xc0000005) at pc=0x00007ff9a506b2d7]

VM state: not at safepoint (not fully initialized)

VM Mutex/Monitor currently owned by a thread:  ([mutex/lock_event])
[0x000002b4f5005b60] Heap_lock - owner thread: 0x000002b4f500bd90

Heap address: 0x000000070ac00000, size: 3924 MB, Compressed Oops mode: Zero based, Oop shift amount: 3

CDS archive(s) mapped at: [0x0000000000000000-0x0000000000000000-0x0000000000000000), size 0, SharedBaseAddress: 0x0000000800000000, ArchiveRelocationMode: 1.
Narrow klass base: 0x0000000000000000, Narrow klass shift: 0, Narrow klass range: 0x0

GC Precious Log:
<Empty>

Heap:
 garbage-first heap   total 0K, used 0K [0x000000070ac00000, 0x0000000800000000)
  region size 2048K, 0 young (0K), 0 survivors (0K)

[error occurred during error reporting (printing heap information), id 0xc0000005, EXCEPTION_ACCESS_VIOLATION (0xc0000005) at pc=0x00007ff9a5452229]

GC Heap History (0 events):
No events

Deoptimization events (0 events):
No events

Classes unloaded (0 events):
No events

Classes redefined (0 events):
No events

Internal exceptions (0 events):
No events

VM Operations (0 events):
No events

Events (1 events):
Event: 0.019 Loaded shared library C:\Program Files\Java\jdk-17\bin\java.dll


Dynamic libraries:
0x00007ff78c8e0000 - 0x00007ff78c8f0000 	C:\Program Files\Java\jdk-17\bin\java.exe
0x00007ff9ca450000 - 0x00007ff9ca664000 	C:\windows\SYSTEM32\ntdll.dll
0x00007ff9c9710000 - 0x00007ff9c97d4000 	C:\windows\System32\KERNEL32.DLL
0x00007ff9c7e60000 - 0x00007ff9c8204000 	C:\windows\System32\KERNELBASE.dll
0x00007ff9c4be0000 - 0x00007ff9c4c77000 	C:\windows\SYSTEM32\apphelp.dll
0x00007ff9c7830000 - 0x00007ff9c7941000 	C:\windows\System32\ucrtbase.dll
0x00007ff9a5c80000 - 0x00007ff9a5c9b000 	C:\Program Files\Java\jdk-17\bin\VCRUNTIME140.dll
0x00007ff9a8670000 - 0x00007ff9a8689000 	C:\Program Files\Java\jdk-17\bin\jli.dll
0x00007ff9c82c0000 - 0x00007ff9c8370000 	C:\windows\System32\ADVAPI32.dll
0x00007ff9c9f00000 - 0x00007ff9c9fa7000 	C:\windows\System32\msvcrt.dll
0x00007ff9c8210000 - 0x00007ff9c82b6000 	C:\windows\System32\sechost.dll
0x00007ff9c97e0000 - 0x00007ff9c98f7000 	C:\windows\System32\RPCRT4.dll
0x00007ff9ca260000 - 0x00007ff9ca40a000 	C:\windows\System32\USER32.dll
0x00007ff9c7950000 - 0x00007ff9c7976000 	C:\windows\System32\win32u.dll
0x00007ff9a9b00000 - 0x00007ff9a9d8f000 	C:\windows\WinSxS\amd64_microsoft.windows.common-controls_6595b64144ccf1df_6.0.22621.2070_none_2713e6537381f706\COMCTL32.dll
0x00007ff9c96e0000 - 0x00007ff9c9709000 	C:\windows\System32\GDI32.dll
0x00007ff9c7d40000 - 0x00007ff9c7e59000 	C:\windows\System32\gdi32full.dll
0x00007ff9c7c30000 - 0x00007ff9c7cca000 	C:\windows\System32\msvcp_win.dll
0x00007ff9c07d0000 - 0x00007ff9c07da000 	C:\windows\SYSTEM32\VERSION.dll
0x00007ff9c8fd0000 - 0x00007ff9c9001000 	C:\windows\System32\IMM32.DLL
0x00007ff9a5a00000 - 0x00007ff9a5a0c000 	C:\Program Files\Java\jdk-17\bin\vcruntime140_1.dll
0x00007ff9a5970000 - 0x00007ff9a59fe000 	C:\Program Files\Java\jdk-17\bin\msvcp140.dll
0x00007ff9a4d80000 - 0x00007ff9a5961000 	C:\Program Files\Java\jdk-17\bin\server\jvm.dll
0x00007ff9c9fb0000 - 0x00007ff9c9fb8000 	C:\windows\System32\PSAPI.DLL
0x00007ff9a5cc0000 - 0x00007ff9a5cc9000 	C:\windows\SYSTEM32\WSOCK32.dll
0x00007ff9c95f0000 - 0x00007ff9c9661000 	C:\windows\System32\WS2_32.dll
0x00007ff9bfb50000 - 0x00007ff9bfb84000 	C:\windows\SYSTEM32\WINMM.dll
0x00007ff9c6870000 - 0x00007ff9c6888000 	C:\windows\SYSTEM32\kernel.appcore.dll
0x00007ff9a5ca0000 - 0x00007ff9a5caa000 	C:\Program Files\Java\jdk-17\bin\jimage.dll
0x00007ff9c27f0000 - 0x00007ff9c2a1e000 	C:\windows\SYSTEM32\DBGHELP.DLL
0x00007ff9c9010000 - 0x00007ff9c939a000 	C:\windows\System32\combase.dll
0x00007ff9ca010000 - 0x00007ff9ca0e7000 	C:\windows\System32\OLEAUT32.dll
0x00007ff9c27b0000 - 0x00007ff9c27e2000 	C:\windows\SYSTEM32\dbgcore.DLL
0x00007ff9c7a40000 - 0x00007ff9c7aba000 	C:\windows\System32\bcryptPrimitives.dll
0x00007ff9a4ca0000 - 0x00007ff9a4cc5000 	C:\Program Files\Java\jdk-17\bin\java.dll

dbghelp: loaded successfully - version: 4.0.5 - missing functions: none
symbol engine: initialized successfully - sym options: 0x614 - pdb path: .;C:\Program Files\Java\jdk-17\bin;C:\windows\SYSTEM32;C:\windows\WinSxS\amd64_microsoft.windows.common-controls_6595b64144ccf1df_6.0.22621.2070_none_2713e6537381f706;C:\Program Files\Java\jdk-17\bin\server

VM Arguments:
jvm_args: -Dfile.encoding=UTF-8 --module-path=C:\Users\vikas\OneDrive\Documents\NetBeansProjects\Electricity Billing System\build\classes 
java_command: electricity.billing.system.SignUp
java_class_path (initial): C:\Users\vikas\OneDrive\Documents\NetBeansProjects\Electricity Billing System\build\classes
Launcher Type: SUN_STANDARD

[Global flags]
     intx CICompilerCount                          = 4                                         {product} {ergonomic}
     uint ConcGCThreads                            = 3                                         {product} {ergonomic}
     uint G1ConcRefinementThreads                  = 10                                        {product} {ergonomic}
   size_t G1HeapRegionSize                         = 2097152                                   {product} {ergonomic}
    uintx GCDrainStackTargetSize                   = 64                                        {product} {ergonomic}
   size_t InitialHeapSize                          = 257949696                                 {product} {ergonomic}
   size_t MarkStackSize                            = 4194304                                   {product} {ergonomic}
   size_t MaxHeapSize                              = 4114612224                                {product} {ergonomic}
   size_t MinHeapDeltaBytes                        = 2097152                                   {product} {ergonomic}
   size_t MinHeapSize                              = 8388608                                   {product} {ergonomic}
    uintx NonNMethodCodeHeapSize                   = 5839372                                {pd product} {ergonomic}
    uintx NonProfiledCodeHeapSize                  = 122909434                              {pd product} {ergonomic}
    uintx ProfiledCodeHeapSize                     = 122909434                              {pd product} {ergonomic}
    uintx ReservedCodeCacheSize                    = 251658240                              {pd product} {ergonomic}
     bool SegmentedCodeCache                       = true                                      {product} {ergonomic}
   size_t SoftMaxHeapSize                          = 4114612224                             {manageable} {ergonomic}
     bool UseCompressedClassPointers               = true                           {product lp64_product} {ergonomic}
     bool UseCompressedOops                        = true                           {product lp64_product} {ergonomic}
     bool UseG1GC                                  = true                                      {product} {ergonomic}
     bool UseLargePagesIndividualAllocation        = false                                  {pd product} {ergonomic}

Logging:
Log output configuration:
 #0: stdout all=warning uptime,level,tags
 #1: stderr all=off uptime,level,tags

Environment Variables:
PATH=C:\Program Files\Common Files\Oracle\Java\javapath;C:\ProgramData\Oracle\Java\javapath;C:\windows\system32;C:\windows;C:\windows\System32\Wbem;C:\windows\System32\WindowsPowerShell\v1.0\;C:\windows\System32\OpenSSH\;C:\Program Files\Java\jdk-16.0.2\bin;C:\Program Files\nodejs\;C:\MinGW\bin;C:\Program Files\Git\cmd;C:\Program Files (x86)\PuTTY\;C:\Program Files\MySQL\MySQL Shell 8.0\bin\;C:\Users\vikas\AppData\Local\Microsoft\WindowsApps;C:\Program Files\Java\jdk-16.0.2\bin;C:\Users\vikas\AppData\Roaming\npm;C:\Users\vikas\AppData\Local\Programs\Microsoft VS Code\bin;C:\MinGW\bin;C:\Program Files\Java\jdk-17\bin;
USERNAME=vikas
OS=Windows_NT
PROCESSOR_IDENTIFIER=AMD64 Family 23 Model 104 Stepping 1, AuthenticAMD



---------------  S Y S T E M  ---------------

OS:
 Windows 11 , 64 bit Build 22621 (10.0.22621.2070)
OS uptime: 14 days 20:51 hours
Hyper-V role detected

CPU: total 12 (initial active 12) (12 cores per cpu, 2 threads per core) family 23 model 104 stepping 1 microcode 0x0, cx8, cmov, fxsr, ht, mmx, 3dnowpref, sse, sse2, sse3, ssse3, sse4a, sse4.1, sse4.2, popcnt, lzcnt, tsc, tscinvbit, avx, avx2, aes, clmul, bmi1, bmi2, adx, sha, fma, vzeroupper, clflush, clflushopt, hv

Memory: 4k page, system-wide physical 15694M (2996M free)
TotalPageFile size 42314M (AvailPageFile size 91M)
current process WorkingSet (physical memory assigned to process): 12M, peak: 12M
current process commit charge ("private bytes"): 64M, peak: 310M

vm_info: Java HotSpot(TM) 64-Bit Server VM (17.0.9+11-LTS-201) for windows-amd64 JRE (17.0.9+11-LTS-201), built on Oct 10 2023 23:16:06 by "mach5one" with MS VC++ 17.1 (VS2022)

END.
